<?xml version="1.0" encoding="UTF-8"?>
<!-- Generated by org.testng.reporters.JUnitReportReporter -->
<testsuite hostname="LAPTOP-DRFIMEHR" failures="0" tests="38" name="tests.BagistoStepByStepTest" time="51.842" errors="1" timestamp="2025-09-08T12:45:44 IST" skipped="0">
  <testcase classname="tests.BagistoStepByStepTest" name="openAdminPanel" time="3.348"/>
  <testcase classname="tests.BagistoStepByStepTest" name="enterEmail" time="0.179"/>
  <testcase classname="tests.BagistoStepByStepTest" name="enterPassword" time="0.124"/>
  <testcase classname="tests.BagistoStepByStepTest" name="clickSignIn" time="0.113"/>
  <testcase classname="tests.BagistoStepByStepTest" name="enableDarkMode" time="3.050"/>
  <testcase classname="tests.BagistoStepByStepTest" name="openCalendar" time="0.066"/>
  <testcase classname="tests.BagistoStepByStepTest" name="selectToday" time="0.213"/>
  <testcase classname="tests.BagistoStepByStepTest" name="openNotifications" time="0.124"/>
  <testcase classname="tests.BagistoStepByStepTest" name="clickViewAllNotifications" time="2.543"/>
  <testcase classname="tests.BagistoStepByStepTest" name="searchCustomer" time="3.132"/>
  <testcase classname="tests.BagistoStepByStepTest" name="clickCustomersDiv" time="0.069"/>
  <testcase classname="tests.BagistoStepByStepTest" name="waitForSearchResults" time="0.256"/>
  <testcase classname="tests.BagistoStepByStepTest" name="clickFirstSearchResult" time="2.680"/>
  <testcase classname="tests.BagistoStepByStepTest" name="waitForDeleteIcon" time="0.048"/>
  <testcase classname="tests.BagistoStepByStepTest" name="clickDeleteIcon" time="0.104"/>
  <testcase classname="tests.BagistoStepByStepTest" name="waitForAgreeBtn" time="0.561"/>
  <testcase classname="tests.BagistoStepByStepTest" name="clickAgreeBtn" time="0.059"/>
  <testcase classname="tests.BagistoStepByStepTest" name="goToCustomersMenu" time="4.918"/>
  <testcase classname="tests.BagistoStepByStepTest" name="clickCustomersSubMenu" time="2.070"/>
  <testcase classname="tests.BagistoStepByStepTest" name="clickCreateCustomerBtn" time="0.121"/>
  <testcase classname="tests.BagistoStepByStepTest" name="enterFirstName" time="0.621"/>
  <testcase classname="tests.BagistoStepByStepTest" name="enterLastName" time="0.098"/>
  <testcase classname="tests.BagistoStepByStepTest" name="enterCustomerEmail" time="0.114"/>
  <testcase classname="tests.BagistoStepByStepTest" name="selectGender" time="0.111"/>
  <testcase classname="tests.BagistoStepByStepTest" name="clickSaveCustomerBtn" time="4.102"/>
  <testcase classname="tests.BagistoStepByStepTest" name="clickNewCustomerLogin" time="0.217"/>
  <testcase classname="tests.BagistoStepByStepTest" name="clickAddress" time="4.498"/>
  <testcase classname="tests.BagistoStepByStepTest" name="clickAddAddressBtn" time="2.114"/>
  <testcase classname="tests.BagistoStepByStepTest" name="enterAddressFirstName" time="0.104"/>
  <testcase classname="tests.BagistoStepByStepTest" name="enterAddressLastName" time="0.139"/>
  <testcase classname="tests.BagistoStepByStepTest" name="enterAddressEmail" time="0.182"/>
  <testcase classname="tests.BagistoStepByStepTest" name="enterStreetAddress" time="0.138"/>
  <testcase classname="tests.BagistoStepByStepTest" name="selectCountry" time="0.132"/>
  <testcase classname="tests.BagistoStepByStepTest" name="selectState" time="0.117"/>
  <testcase classname="tests.BagistoStepByStepTest" name="enterCity" time="0.111"/>
  <testcase classname="tests.BagistoStepByStepTest" name="enterPostCode" time="0.117"/>
  <testcase classname="tests.BagistoStepByStepTest" name="enterPhone" time="0.131"/>
  <testcase classname="tests.BagistoStepByStepTest" name="clickSaveAddressBtn" time="15.018">
    <error message="Expected condition failed: waiting for element to be clickable: By.xpath: //button[contains(text(),&#039;Saup&#039;)] (tried for 15 second(s) with 500 milliseconds interval)
Build info: version: &#039;4.34.0&#039;, revision: &#039;707dcb4246*&#039;
System info: os.name: &#039;Windows 11&#039;, os.arch: &#039;amd64&#039;, os.version: &#039;10.0&#039;, java.version: &#039;22.0.2&#039;
Driver info: org.openqa.selenium.chrome.ChromeDriver
Capabilities {acceptInsecureCerts: false, browserName: chrome, browserVersion: 140.0.7339.81, chrome: {chromedriverVersion: 140.0.7339.80 (670b6f192f46..., userDataDir: C:\Users\M8112~1.SUP\AppDat...}, fedcm:accounts: true, goog:chromeOptions: {debuggerAddress: localhost:58136}, networkConnectionEnabled: false, pageLoadStrategy: normal, platformName: windows, proxy: Proxy(), se:cdp: ws://localhost:58136/devtoo..., se:cdpVersion: 140.0.7339.81, setWindowRect: true, strictFileInteractability: false, timeouts: {implicit: 0, pageLoad: 300000, script: 30000}, unhandledPromptBehavior: dismiss and notify, webauthn:extension:credBlob: true, webauthn:extension:largeBlob: true, webauthn:extension:minPinLength: true, webauthn:extension:prf: true, webauthn:virtualAuthenticators: true}
Session ID: 4d8c63874d1660fc6d036ef507e91d65" type="org.openqa.selenium.TimeoutException">
      <![CDATA[org.openqa.selenium.TimeoutException: Expected condition failed: waiting for element to be clickable: By.xpath: //button[contains(text(),'Saup')] (tried for 15 second(s) with 500 milliseconds interval)
Build info: version: '4.34.0', revision: '707dcb4246*'
System info: os.name: 'Windows 11', os.arch: 'amd64', os.version: '10.0', java.version: '22.0.2'
Driver info: org.openqa.selenium.chrome.ChromeDriver
Capabilities {acceptInsecureCerts: false, browserName: chrome, browserVersion: 140.0.7339.81, chrome: {chromedriverVersion: 140.0.7339.80 (670b6f192f46..., userDataDir: C:\Users\M8112~1.SUP\AppDat...}, fedcm:accounts: true, goog:chromeOptions: {debuggerAddress: localhost:58136}, networkConnectionEnabled: false, pageLoadStrategy: normal, platformName: windows, proxy: Proxy(), se:cdp: ws://localhost:58136/devtoo..., se:cdpVersion: 140.0.7339.81, setWindowRect: true, strictFileInteractability: false, timeouts: {implicit: 0, pageLoad: 300000, script: 30000}, unhandledPromptBehavior: dismiss and notify, webauthn:extension:credBlob: true, webauthn:extension:largeBlob: true, webauthn:extension:minPinLength: true, webauthn:extension:prf: true, webauthn:virtualAuthenticators: true}
Session ID: 4d8c63874d1660fc6d036ef507e91d65
at org.openqa.selenium.support.ui.WebDriverWait.timeoutException(WebDriverWait.java:84)
at org.openqa.selenium.support.ui.FluentWait.until(FluentWait.java:228)
at pages.AddressPage.clickSaveBtn(AddressPage.java:119)
at tests.BagistoStepByStepTest.clickSaveAddressBtn(BagistoStepByStepTest.java:206)
at java.base/jdk.internal.reflect.DirectMethodHandleAccessor.invoke(DirectMethodHandleAccessor.java:103)
at java.base/java.lang.reflect.Method.invoke(Method.java:580)
at org.testng.internal.invokers.MethodInvocationHelper.invokeMethod(MethodInvocationHelper.java:141)
at org.testng.internal.invokers.TestInvoker.invokeMethod(TestInvoker.java:687)
at org.testng.internal.invokers.TestInvoker.invokeTestMethod(TestInvoker.java:230)
at org.testng.internal.invokers.MethodRunner.runInSequence(MethodRunner.java:63)
at org.testng.internal.invokers.TestInvoker$MethodInvocationAgent.invoke(TestInvoker.java:995)
at org.testng.internal.invokers.TestInvoker.invokeTestMethods(TestInvoker.java:203)
at org.testng.internal.invokers.TestMethodWorker.invokeTestMethods(TestMethodWorker.java:154)
at org.testng.internal.invokers.TestMethodWorker.run(TestMethodWorker.java:134)
at java.base/java.util.ArrayList.forEach(ArrayList.java:1597)
at org.testng.TestRunner.privateRun(TestRunner.java:741)
at org.testng.TestRunner.run(TestRunner.java:616)
at org.testng.SuiteRunner.runTest(SuiteRunner.java:421)
at org.testng.SuiteRunner.runSequentially(SuiteRunner.java:413)
at org.testng.SuiteRunner.privateRun(SuiteRunner.java:373)
at org.testng.SuiteRunner.run(SuiteRunner.java:312)
at org.testng.SuiteRunnerWorker.runSuite(SuiteRunnerWorker.java:52)
at org.testng.SuiteRunnerWorker.run(SuiteRunnerWorker.java:95)
at org.testng.TestNG.runSuitesSequentially(TestNG.java:1274)
at org.testng.TestNG.runSuitesLocally(TestNG.java:1208)
at org.testng.TestNG.runSuites(TestNG.java:1112)
at org.testng.TestNG.run(TestNG.java:1079)
at org.testng.remote.AbstractRemoteTestNG.run(AbstractRemoteTestNG.java:115)
at org.testng.remote.RemoteTestNG.initAndRun(RemoteTestNG.java:293)
at org.testng.remote.RemoteTestNG.main(RemoteTestNG.java:91)
]]>
    </error>
  </testcase> <!-- clickSaveAddressBtn -->
</testsuite> <!-- tests.BagistoStepByStepTest -->
