<?xml version="1.0" encoding="UTF-8"?>
<!-- Generated by org.testng.reporters.JUnitXMLReporter -->
<testsuite ignored="0" hostname="LAPTOP-DRFIMEHR" failures="1" tests="40" name="Test" time="84.323" errors="0" timestamp="2025-09-08T12:45:43 IST">
  <testcase classname="tests.BagistoStepByStepTest" name="openAdminPanel" time="3.346"/>
  <testcase classname="tests.BagistoStepByStepTest" name="enterEmail" time="0.178"/>
  <testcase classname="tests.BagistoStepByStepTest" name="enterPassword" time="0.123"/>
  <testcase classname="tests.BagistoStepByStepTest" name="clickSignIn" time="0.113"/>
  <testcase classname="tests.BagistoStepByStepTest" name="enableDarkMode" time="3.05"/>
  <testcase classname="tests.BagistoStepByStepTest" name="openCalendar" time="0.065"/>
  <testcase classname="tests.BagistoStepByStepTest" name="selectToday" time="0.213"/>
  <testcase classname="tests.BagistoStepByStepTest" name="openNotifications" time="0.123"/>
  <testcase classname="tests.BagistoStepByStepTest" name="clickViewAllNotifications" time="2.54"/>
  <testcase classname="tests.BagistoStepByStepTest" name="searchCustomer" time="3.132"/>
  <testcase classname="tests.BagistoStepByStepTest" name="clickCustomersDiv" time="0.068"/>
  <testcase classname="tests.BagistoStepByStepTest" name="waitForSearchResults" time="0.024"/>
  <testcase classname="tests.BagistoStepByStepTest" name="clickFirstSearchResult" time="2.679"/>
  <testcase classname="tests.BagistoStepByStepTest" name="waitForDeleteIcon" time="0.046"/>
  <testcase classname="tests.BagistoStepByStepTest" name="clickDeleteIcon" time="0.104"/>
  <testcase classname="tests.BagistoStepByStepTest" name="waitForAgreeBtn" time="0.56"/>
  <testcase classname="tests.BagistoStepByStepTest" name="clickAgreeBtn" time="0.058"/>
  <testcase classname="tests.BagistoStepByStepTest" name="goToCustomersMenu" time="4.916"/>
  <testcase classname="tests.BagistoStepByStepTest" name="clickCustomersSubMenu" time="2.07"/>
  <testcase classname="tests.BagistoStepByStepTest" name="clickCreateCustomerBtn" time="0.121"/>
  <testcase classname="tests.BagistoStepByStepTest" name="enterFirstName" time="0.621"/>
  <testcase classname="tests.BagistoStepByStepTest" name="enterLastName" time="0.097"/>
  <testcase classname="tests.BagistoStepByStepTest" name="enterCustomerEmail" time="0.113"/>
  <testcase classname="tests.BagistoStepByStepTest" name="selectGender" time="0.11"/>
  <testcase classname="tests.BagistoStepByStepTest" name="clickSaveCustomerBtn" time="4.093"/>
  <testcase classname="tests.BagistoStepByStepTest" name="clickNewCustomerLogin" time="0.212"/>
  <testcase classname="tests.BagistoStepByStepTest" name="clickAddress" time="4.497"/>
  <testcase classname="tests.BagistoStepByStepTest" name="clickAddAddressBtn" time="2.114"/>
  <testcase classname="tests.BagistoStepByStepTest" name="enterAddressFirstName" time="0.102"/>
  <testcase classname="tests.BagistoStepByStepTest" name="enterAddressLastName" time="0.138"/>
  <testcase classname="tests.BagistoStepByStepTest" name="enterAddressEmail" time="0.18"/>
  <testcase classname="tests.BagistoStepByStepTest" name="enterStreetAddress" time="0.138"/>
  <testcase classname="tests.BagistoStepByStepTest" name="selectCountry" time="0.131"/>
  <testcase classname="tests.BagistoStepByStepTest" name="selectState" time="0.115"/>
  <testcase classname="tests.BagistoStepByStepTest" name="enterCity" time="0.109"/>
  <testcase classname="tests.BagistoStepByStepTest" name="enterPostCode" time="0.116"/>
  <testcase classname="tests.BagistoStepByStepTest" name="enterPhone" time="0.129"/>
  <testcase classname="tests.BagistoStepByStepTest" name="clickSaveAddressBtn" time="15.017">
    <failure type="org.openqa.selenium.TimeoutException" message="Expected condition failed: waiting for element to be clickable: By.xpath: //button[contains(text(),&amp;apos;Saup&amp;apos;)] (tried for 15 second(s) with 500 milliseconds interval)
Build info: version: &amp;apos;4.34.0&amp;apos;, revision: &amp;apos;707dcb4246*&amp;apos;
System info: os.name: &amp;apos;Windows 11&amp;apos;, os.arch: &amp;apos;amd64&amp;apos;, os.version: &amp;apos;10.0&amp;apos;, java.version: &amp;apos;22.0.2&amp;apos;
Driver info: org.openqa.selenium.chrome.ChromeDriver
Capabilities {acceptInsecureCerts: false, browserName: chrome, browserVersion: 140.0.7339.81, chrome: {chromedriverVersion: 140.0.7339.80 (670b6f192f46..., userDataDir: C:\Users\M8112~1.SUP\AppDat...}, fedcm:accounts: true, goog:chromeOptions: {debuggerAddress: localhost:58136}, networkConnectionEnabled: false, pageLoadStrategy: normal, platformName: windows, proxy: Proxy(), se:cdp: ws://localhost:58136/devtoo..., se:cdpVersion: 140.0.7339.81, setWindowRect: true, strictFileInteractability: false, timeouts: {implicit: 0, pageLoad: 300000, script: 30000}, unhandledPromptBehavior: dismiss and notify, webauthn:extension:credBlob: true, webauthn:extension:largeBlob: true, webauthn:extension:minPinLength: true, webauthn:extension:prf: true, webauthn:virtualAuthenticators: true}
Session ID: 4d8c63874d1660fc6d036ef507e91d65">
      <![CDATA[org.openqa.selenium.TimeoutException: Expected condition failed: waiting for element to be clickable: By.xpath: //button[contains(text(),'Saup')] (tried for 15 second(s) with 500 milliseconds interval)
Build info: version: '4.34.0', revision: '707dcb4246*'
System info: os.name: 'Windows 11', os.arch: 'amd64', os.version: '10.0', java.version: '22.0.2'
Driver info: org.openqa.selenium.chrome.ChromeDriver
Capabilities {acceptInsecureCerts: false, browserName: chrome, browserVersion: 140.0.7339.81, chrome: {chromedriverVersion: 140.0.7339.80 (670b6f192f46..., userDataDir: C:\Users\M8112~1.SUP\AppDat...}, fedcm:accounts: true, goog:chromeOptions: {debuggerAddress: localhost:58136}, networkConnectionEnabled: false, pageLoadStrategy: normal, platformName: windows, proxy: Proxy(), se:cdp: ws://localhost:58136/devtoo..., se:cdpVersion: 140.0.7339.81, setWindowRect: true, strictFileInteractability: false, timeouts: {implicit: 0, pageLoad: 300000, script: 30000}, unhandledPromptBehavior: dismiss and notify, webauthn:extension:credBlob: true, webauthn:extension:largeBlob: true, webauthn:extension:minPinLength: true, webauthn:extension:prf: true, webauthn:virtualAuthenticators: true}
Session ID: 4d8c63874d1660fc6d036ef507e91d65
at org.openqa.selenium.support.ui.WebDriverWait.timeoutException(WebDriverWait.java:84)
at org.openqa.selenium.support.ui.FluentWait.until(FluentWait.java:228)
at pages.AddressPage.clickSaveBtn(AddressPage.java:119)
at tests.BagistoStepByStepTest.clickSaveAddressBtn(BagistoStepByStepTest.java:206)
at java.base/java.util.ArrayList.forEach(ArrayList.java:1597)
... Removed 25 stack frames]]>
    </failure>
  </testcase> <!-- clickSaveAddressBtn -->
  <testcase classname="tests.RegExcel" name="signupTest" time="9.871"/>
  <testcase classname="tests.RegExcel" name="signupTest" time="9.774"/>
</testsuite> <!-- Test -->
